Load "car_2023\\car_2023.axf" 
Set JLink Project File to "e:\文件（分类）\electronic-process-practice\car_ctrl\MDK-ARM\JLinkSettings.ini"* JLink Info: Device "STM32F103RC" selected.

JLink info:
------------
DLL: V6.16c, compiled Jun 16 2017 18:14:49
Firmware: J-Link J-Link V21 compiled Oct 24 2016 00:00:00
Hardware: V1.00
S/N : 773945737 

* JLink Info: Found SW-DP with ID 0x1BA01477
* JLink Info: Found SW-DP with ID 0x1BA01477
* JLink Info: Scanning APs, stopping at first AHB-AP found.
* JLink Info: AP[0] IDR: 0x14770011 (AHB-AP)
* JLink Info: AHB-AP ROM: 0xE00FF000 (Base addr. of first ROM table)
* JLink Info: CPUID reg: 0x411FC231. Implementer code: 0x41 (ARM)
* JLink Info: Found Cortex-M3 r1p1, Little endian.
* JLink Info: FPUnit: 6 code (BP) slots and 2 literal slots
* JLink Info: CoreSight components:
* JLink Info: ROMTbl[0] @ E00FF000
* JLink Info: ROMTbl[0][0]: E000E000, CID: B105E00D, PID: 001BB000 SCS
* JLink Info: ROMTbl[0][1]: E0001000, CID: B105E00D, PID: 001BB002 DWT
* JLink Info: ROMTbl[0][2]: E0002000, CID: B105E00D, PID: 000BB003 FPB
* JLink Info: ROMTbl[0][3]: E0000000, CID: B105E00D, PID: 001BB001 ITM
* JLink Info: ROMTbl[0][4]: E0040000, CID: B105900D, PID: 001BB923 TPIU-Lite
* JLink Info: ROMTbl[0][5]: E0041000, CID: B105900D, PID: 101BB924 ETM-M3
ROMTableAddr = 0xE00FF000
* JLink Info: Setting AIRCR.SYSRESETREQ

Target info:
------------
Device: STM32F103RC
VTarget = 3.300V
State of Pins: TCK: 0, TDI: 128, TDO: 64, TMS: 0, TRES: 1, TRST: 255
Hardware-Breakpoints: 6
Software-Breakpoints: 8192
Watchpoints:          4
JTAG speed: 4000 kHz

Erase Done.Programming Done.Verify OK.* JLink Info: Setting AIRCR.SYSRESETREQ
Application running ...
Flash Load finished at 16:14:37
